<?xml version="1.0" encoding="UTF-8"?>
<!-- Generated by org.testng.reporters.JUnitReportReporter -->
<testsuite hostname="Sriuma-MBP.attlocal.net" failures="0" tests="4" name="restapitest.restapitestingframework.tests.NasaSearchAPIByDateTest" time="0.728" errors="0" timestamp="2021-03-02T09:24:44 PST" skipped="0">
  <testcase classname="restapitest.restapitestingframework.tests.NasaSearchAPIByDateTest" name="searchWithStartYearInFuture" time="0.192"/>
  <system-out/>
  <testcase classname="restapitest.restapitestingframework.tests.NasaSearchAPIByDateTest" name="searchWithInvalidStartYear" time="0.174"/>
  <system-out/>
  <testcase classname="restapitest.restapitestingframework.tests.NasaSearchAPIByDateTest" name="searchWithOptionalParameters" time="0.182"/>
  <system-out/>
  <testcase classname="restapitest.restapitestingframework.tests.NasaSearchAPIByDateTest" name="searchWithInvalidEndYear" time="0.180"/>
  <system-out/>
</testsuite> <!-- restapitest.restapitestingframework.tests.NasaSearchAPIByDateTest -->
