<?xml version="1.0" encoding="UTF-8"?>
<!-- Generated by org.testng.reporters.JUnitReportReporter -->
<testsuite hostname="Sriuma-MBP.attlocal.net" failures="0" tests="6" name="restapitest.restapitestingframework.tests.NasaSearchAPIByTextTest" time="4.215" errors="0" timestamp="2021-03-02T09:24:44 PST" skipped="0">
  <testcase classname="restapitest.restapitestingframework.tests.NasaSearchAPIByTextTest" name="searchWithInvalidyString" time="0.371"/>
  <system-out/>
  <testcase classname="restapitest.restapitestingframework.tests.NasaSearchAPIByTextTest" name="searchWithNull" time="0.505"/>
  <system-out/>
  <testcase classname="restapitest.restapitestingframework.tests.NasaSearchAPIByTextTest" name="searchWithEmptyString" time="1.362"/>
  <system-out/>
  <testcase classname="restapitest.restapitestingframework.tests.NasaSearchAPIByTextTest" name="searchWithValidTextInMixedcase" time="0.282"/>
  <system-out/>
  <testcase classname="restapitest.restapitestingframework.tests.NasaSearchAPIByTextTest" name="searchWithValidTextInUppercase" time="0.665"/>
  <system-out/>
  <testcase classname="restapitest.restapitestingframework.tests.NasaSearchAPIByTextTest" name="searchWithValidTextInLowercase" time="1.030"/>
  <system-out/>
</testsuite> <!-- restapitest.restapitestingframework.tests.NasaSearchAPIByTextTest -->
